0 info it worked if it ends with ok
1 verbose cli [ 'C:\\Users\\Tatu\\node\\node.exe',
1 verbose cli   'C:\\Users\\Tatu\\node\\node_modules\\npm\\bin\\npm-cli.js',
1 verbose cli   'run',
1 verbose cli   'dev' ]
2 info using npm@2.15.5
3 info using node@v4.4.5
4 verbose run-script [ 'predev', 'dev', 'postdev' ]
5 info predev calorie_calculator@1.0.0
6 info dev calorie_calculator@1.0.0
7 verbose unsafe-perm in lifecycle true
8 info calorie_calculator@1.0.0 Failed to exec dev script
9 verbose stack Error: calorie_calculator@1.0.0 dev: `webpack-dev-server --content-base ./app --port 9000 --hot --inline`
9 verbose stack Exit status 1
9 verbose stack     at EventEmitter.<anonymous> (C:\Users\Tatu\node\node_modules\npm\lib\utils\lifecycle.js:217:16)
9 verbose stack     at emitTwo (events.js:87:13)
9 verbose stack     at EventEmitter.emit (events.js:172:7)
9 verbose stack     at ChildProcess.<anonymous> (C:\Users\Tatu\node\node_modules\npm\lib\utils\spawn.js:24:14)
9 verbose stack     at emitTwo (events.js:87:13)
9 verbose stack     at ChildProcess.emit (events.js:172:7)
9 verbose stack     at maybeClose (internal/child_process.js:827:16)
9 verbose stack     at Process.ChildProcess._handle.onexit (internal/child_process.js:211:5)
10 verbose pkgid calorie_calculator@1.0.0
11 verbose cwd C:\Users\Tatu\node_projects\calorie_calculator_new
12 error Windows_NT 6.1.7601
13 error argv "C:\\Users\\Tatu\\node\\node.exe" "C:\\Users\\Tatu\\node\\node_modules\\npm\\bin\\npm-cli.js" "run" "dev"
14 error node v4.4.5
15 error npm  v2.15.5
16 error code ELIFECYCLE
17 error calorie_calculator@1.0.0 dev: `webpack-dev-server --content-base ./app --port 9000 --hot --inline`
17 error Exit status 1
18 error Failed at the calorie_calculator@1.0.0 dev script 'webpack-dev-server --content-base ./app --port 9000 --hot --inline'.
18 error This is most likely a problem with the calorie_calculator package,
18 error not with npm itself.
18 error Tell the author that this fails on your system:
18 error     webpack-dev-server --content-base ./app --port 9000 --hot --inline
18 error You can get information on how to open an issue for this project with:
18 error     npm bugs calorie_calculator
18 error Or if that isn't available, you can get their info via:
18 error
18 error     npm owner ls calorie_calculator
18 error There is likely additional logging output above.
19 verbose exit [ 1, true ]
